2022-09-29 14:48:06,148 - tOITe-Log - DEBUG - tutorial
2022-09-29 14:48:06,668 - tOITe-Log - DEBUG - Save Data:{'tutorial': 'T', 'speech': '0', 'pose': '0', 'select': '0', 'complete': '0'}
2022-09-29 14:48:06,685 - tOITe-Log - DEBUG - State Change: SELECT_GAME
2022-09-29 14:48:10,667 - tOITe-Log - DEBUG - Event : âπê∫îFéØ
2022-09-29 14:48:10,684 - tOITe-Log - DEBUG - State Change: SPEECH_Q1
2022-09-29 14:48:15,613 - tOITe-Log - DEBUG - State Change: SPEECH_Q2
2022-09-29 14:48:19,385 - tOITe-Log - DEBUG - Event : SPEECH_Q2
2022-09-29 14:48:19,386 - tOITe-Log - DEBUG - start recording
2022-09-29 14:48:19,435 - tOITe-Log - DEBUG - Audio record thread was started
2022-09-29 14:48:22,605 - tOITe-Log - DEBUG - Event : SPEECH_Q2
2022-09-29 14:48:22,606 - tOITe-Log - DEBUG - stop recording
2022-09-29 14:48:23,285 - tOITe-Log - DEBUG - ëÂê≥ è∫òa ïΩê¨
2022-09-29 14:48:23,297 - tOITe-Log - DEBUG - State Change: SPEECH_CORRECT
2022-09-29 14:48:25,579 - tOITe-Log - DEBUG - Event : SPEECH_CORRECT
2022-09-29 14:48:25,595 - tOITe-Log - DEBUG - State Change: SELECT_GAME
2022-09-29 14:48:28,358 - tOITe-Log - DEBUG - Event : épê®êÑíË
2022-09-29 14:48:28,370 - tOITe-Log - DEBUG - State Change: POSE_Q
2022-09-29 14:48:29,101 - tOITe-Log - DEBUG - Event : POSE_Q
2022-09-29 14:48:29,112 - tOITe-Log - DEBUG - State Change: POSE_IMGPROC
2022-09-29 14:48:29,284 - tOITe-Log - DEBUG - isFound : 0
2022-09-29 14:48:29,320 - tOITe-Log - DEBUG - isFound : 0
2022-09-29 14:48:29,356 - tOITe-Log - DEBUG - isFound : 0
2022-09-29 14:48:29,388 - tOITe-Log - DEBUG - isFound : 0
2022-09-29 14:48:29,420 - tOITe-Log - DEBUG - isFound : 0
2022-09-29 14:48:29,453 - tOITe-Log - DEBUG - isFound : 0
2022-09-29 14:48:29,486 - tOITe-Log - DEBUG - isFound : 0
2022-09-29 14:48:29,520 - tOITe-Log - DEBUG - isFound : 0
2022-09-29 14:48:29,562 - tOITe-Log - DEBUG - isFound : 0
2022-09-29 14:48:29,600 - tOITe-Log - DEBUG - isFound : 0
2022-09-29 14:48:29,633 - tOITe-Log - DEBUG - isFound : 0
2022-09-29 14:48:29,667 - tOITe-Log - DEBUG - isFound : 0
2022-09-29 14:48:29,701 - tOITe-Log - DEBUG - isFound : 0
2022-09-29 14:48:29,735 - tOITe-Log - DEBUG - isFound : 0
2022-09-29 14:48:29,768 - tOITe-Log - DEBUG - isFound : 0
2022-09-29 14:48:29,802 - tOITe-Log - DEBUG - isFound : 0
2022-09-29 14:48:29,844 - tOITe-Log - DEBUG - isFound : 0
2022-09-29 14:48:29,877 - tOITe-Log - DEBUG - isFound : 0
2022-09-29 14:48:29,910 - tOITe-Log - DEBUG - isFound : 0
2022-09-29 14:48:29,943 - tOITe-Log - DEBUG - isFound : 0
2022-09-29 14:48:29,978 - tOITe-Log - DEBUG - isFound : 0
2022-09-29 14:48:30,012 - tOITe-Log - DEBUG - isFound : 0
2022-09-29 14:48:30,045 - tOITe-Log - DEBUG - isFound : 0
2022-09-29 14:48:30,078 - tOITe-Log - DEBUG - isFound : 0
2022-09-29 14:48:30,114 - tOITe-Log - DEBUG - isFound : 0
2022-09-29 14:48:30,148 - tOITe-Log - DEBUG - isFound : 0
2022-09-29 14:48:30,183 - tOITe-Log - DEBUG - isFound : 0
2022-09-29 14:48:30,218 - tOITe-Log - DEBUG - isFound : 0
2022-09-29 14:48:30,251 - tOITe-Log - DEBUG - isFound : 0
2022-09-29 14:48:30,285 - tOITe-Log - DEBUG - isFound : 0
2022-09-29 14:48:30,318 - tOITe-Log - DEBUG - isFound : 0
2022-09-29 14:48:30,351 - tOITe-Log - DEBUG - isFound : 0
2022-09-29 14:48:30,384 - tOITe-Log - DEBUG - isFound : 0
2022-09-29 14:48:30,418 - tOITe-Log - DEBUG - isFound : 0
2022-09-29 14:48:30,452 - tOITe-Log - DEBUG - isFound : 0
2022-09-29 14:48:30,486 - tOITe-Log - DEBUG - isFound : 0
2022-09-29 14:48:30,518 - tOITe-Log - DEBUG - isFound : 0
2022-09-29 14:48:30,551 - tOITe-Log - DEBUG - isFound : 0
2022-09-29 14:48:30,585 - tOITe-Log - DEBUG - isFound : 0
2022-09-29 14:48:30,619 - tOITe-Log - DEBUG - isFound : 0
2022-09-29 14:48:30,651 - tOITe-Log - DEBUG - isFound : 0
2022-09-29 14:48:30,685 - tOITe-Log - DEBUG - isFound : 0
2022-09-29 14:48:30,721 - tOITe-Log - DEBUG - isFound : 0
2022-09-29 14:48:30,759 - tOITe-Log - DEBUG - isFound : 0
2022-09-29 14:48:30,794 - tOITe-Log - DEBUG - isFound : 0
2022-09-29 14:48:30,828 - tOITe-Log - DEBUG - isFound : 0
2022-09-29 14:48:30,863 - tOITe-Log - DEBUG - isFound : 0
2022-09-29 14:48:30,900 - tOITe-Log - DEBUG - isFound : 0
2022-09-29 14:48:30,935 - tOITe-Log - DEBUG - isFound : 0
2022-09-29 14:48:30,969 - tOITe-Log - DEBUG - isFound : 0
2022-09-29 14:48:31,003 - tOITe-Log - DEBUG - isFound : 0
2022-09-29 14:48:31,038 - tOITe-Log - DEBUG - isFound : 0
2022-09-29 14:48:31,070 - tOITe-Log - DEBUG - isFound : 0
2022-09-29 14:48:31,103 - tOITe-Log - DEBUG - isFound : 0
2022-09-29 14:48:31,139 - tOITe-Log - DEBUG - isFound : 0
2022-09-29 14:48:31,169 - tOITe-Log - DEBUG - isFound : 0
2022-09-29 14:48:31,204 - tOITe-Log - DEBUG - isFound : 0
2022-09-29 14:48:31,238 - tOITe-Log - DEBUG - isFound : 0
2022-09-29 14:48:31,275 - tOITe-Log - DEBUG - isFound : 0
2022-09-29 14:48:31,313 - tOITe-Log - DEBUG - isFound : 0
2022-09-29 14:48:31,349 - tOITe-Log - DEBUG - isFound : 0
2022-09-29 14:48:31,385 - tOITe-Log - DEBUG - isFound : 0
2022-09-29 14:48:31,419 - tOITe-Log - DEBUG - isFound : 0
2022-09-29 14:48:31,453 - tOITe-Log - DEBUG - isFound : 0
2022-09-29 14:48:31,485 - tOITe-Log - DEBUG - isFound : 0
2022-09-29 14:48:31,518 - tOITe-Log - DEBUG - isFound : 0
2022-09-29 14:48:31,552 - tOITe-Log - DEBUG - isFound : 0
2022-09-29 14:48:31,586 - tOITe-Log - DEBUG - isFound : 0
2022-09-29 14:48:31,620 - tOITe-Log - DEBUG - isFound : 0
2022-09-29 14:48:31,651 - tOITe-Log - DEBUG - isFound : 0
2022-09-29 14:48:31,686 - tOITe-Log - DEBUG - isFound : 0
2022-09-29 14:48:31,719 - tOITe-Log - DEBUG - isFound : 0
2022-09-29 14:48:31,752 - tOITe-Log - DEBUG - isFound : 0
2022-09-29 14:48:31,785 - tOITe-Log - DEBUG - isFound : 0
2022-09-29 14:48:31,818 - tOITe-Log - DEBUG - isFound : 0
2022-09-29 14:48:31,852 - tOITe-Log - DEBUG - isFound : 0
2022-09-29 14:48:31,885 - tOITe-Log - DEBUG - isFound : 0
2022-09-29 14:48:31,919 - tOITe-Log - DEBUG - isFound : 0
2022-09-29 14:48:31,952 - tOITe-Log - DEBUG - isFound : 0
2022-09-29 14:48:31,985 - tOITe-Log - DEBUG - isFound : 0
2022-09-29 14:48:32,018 - tOITe-Log - DEBUG - isFound : 0
2022-09-29 14:48:32,051 - tOITe-Log - DEBUG - isFound : 0
2022-09-29 14:48:32,084 - tOITe-Log - DEBUG - isFound : 0
2022-09-29 14:48:32,136 - tOITe-Log - DEBUG - isFound : 0
2022-09-29 14:48:32,168 - tOITe-Log - DEBUG - isFound : 0
2022-09-29 14:48:32,202 - tOITe-Log - DEBUG - isFound : 0
2022-09-29 14:48:32,235 - tOITe-Log - DEBUG - isFound : 0
2022-09-29 14:48:32,271 - tOITe-Log - DEBUG - isFound : 0
2022-09-29 14:48:32,315 - tOITe-Log - DEBUG - isFound : 0
2022-09-29 14:48:32,352 - tOITe-Log - DEBUG - isFound : 0
2022-09-29 14:48:32,384 - tOITe-Log - DEBUG - isFound : 0
2022-09-29 14:48:32,431 - tOITe-Log - DEBUG - isFound : 0
2022-09-29 14:48:32,465 - tOITe-Log - DEBUG - isFound : 0
2022-09-29 14:48:32,499 - tOITe-Log - DEBUG - isFound : 0
2022-09-29 14:48:32,533 - tOITe-Log - DEBUG - isFound : 0
2022-09-29 14:48:32,567 - tOITe-Log - DEBUG - isFound : 0
2022-09-29 14:48:32,602 - tOITe-Log - DEBUG - isFound : 0
2022-09-29 14:48:32,635 - tOITe-Log - DEBUG - isFound : 0
2022-09-29 14:48:32,672 - tOITe-Log - DEBUG - isFound : 0
2022-09-29 14:48:32,704 - tOITe-Log - DEBUG - isFound : 0
2022-09-29 14:48:32,735 - tOITe-Log - DEBUG - isFound : 0
2022-09-29 14:48:32,768 - tOITe-Log - DEBUG - isFound : 0
2022-09-29 14:48:32,801 - tOITe-Log - DEBUG - isFound : 0
2022-09-29 14:48:32,834 - tOITe-Log - DEBUG - isFound : 0
2022-09-29 14:48:32,868 - tOITe-Log - DEBUG - isFound : 0
2022-09-29 14:48:32,902 - tOITe-Log - DEBUG - isFound : 0
2022-09-29 14:48:32,935 - tOITe-Log - DEBUG - isFound : 0
2022-09-29 14:48:32,968 - tOITe-Log - DEBUG - isFound : 0
2022-09-29 14:48:33,001 - tOITe-Log - DEBUG - isFound : 0
2022-09-29 14:48:33,035 - tOITe-Log - DEBUG - isFound : 0
2022-09-29 14:48:33,070 - tOITe-Log - DEBUG - isFound : 0
2022-09-29 14:48:33,103 - tOITe-Log - DEBUG - isFound : 0
2022-09-29 14:48:33,140 - tOITe-Log - DEBUG - isFound : 0
2022-09-29 14:48:33,171 - tOITe-Log - DEBUG - isFound : 0
2022-09-29 14:48:33,205 - tOITe-Log - DEBUG - isFound : 0
2022-09-29 14:48:33,238 - tOITe-Log - DEBUG - isFound : 0
2022-09-29 14:48:33,270 - tOITe-Log - DEBUG - isFound : 0
2022-09-29 14:48:33,301 - tOITe-Log - DEBUG - isFound : 0
2022-09-29 14:48:33,334 - tOITe-Log - DEBUG - isFound : 0
2022-09-29 14:48:33,368 - tOITe-Log - DEBUG - isFound : 0
2022-09-29 14:48:33,401 - tOITe-Log - DEBUG - isFound : 0
2022-09-29 14:48:33,438 - tOITe-Log - DEBUG - isFound : 0
2022-09-29 14:48:33,470 - tOITe-Log - DEBUG - isFound : 0
2022-09-29 14:48:33,501 - tOITe-Log - DEBUG - isFound : 0
2022-09-29 14:48:33,535 - tOITe-Log - DEBUG - isFound : 0
2022-09-29 14:48:33,567 - tOITe-Log - DEBUG - isFound : 0
2022-09-29 14:48:33,600 - tOITe-Log - DEBUG - isFound : 0
2022-09-29 14:48:33,633 - tOITe-Log - DEBUG - isFound : 0
2022-09-29 14:48:33,667 - tOITe-Log - DEBUG - isFound : 0
2022-09-29 14:48:33,702 - tOITe-Log - DEBUG - isFound : 0
2022-09-29 14:48:33,735 - tOITe-Log - DEBUG - isFound : 0
2022-09-29 14:48:33,768 - tOITe-Log - DEBUG - isFound : 0
2022-09-29 14:48:33,802 - tOITe-Log - DEBUG - isFound : 0
2022-09-29 14:48:33,841 - tOITe-Log - DEBUG - isFound : 0
2022-09-29 14:48:33,871 - tOITe-Log - DEBUG - isFound : 0
2022-09-29 14:48:33,903 - tOITe-Log - DEBUG - isFound : 0
2022-09-29 14:48:33,936 - tOITe-Log - DEBUG - isFound : 0
2022-09-29 14:48:33,969 - tOITe-Log - DEBUG - isFound : 0
2022-09-29 14:48:34,002 - tOITe-Log - DEBUG - isFound : 0
2022-09-29 14:48:34,036 - tOITe-Log - DEBUG - isFound : 0
2022-09-29 14:48:34,068 - tOITe-Log - DEBUG - isFound : 0
2022-09-29 14:48:34,101 - tOITe-Log - DEBUG - isFound : 0
2022-09-29 14:48:34,135 - tOITe-Log - DEBUG - isFound : 0
2022-09-29 14:48:34,168 - tOITe-Log - DEBUG - isFound : 0
2022-09-29 14:48:34,201 - tOITe-Log - DEBUG - isFound : 0
2022-09-29 14:48:34,241 - tOITe-Log - DEBUG - isFound : 0
2022-09-29 14:48:34,275 - tOITe-Log - DEBUG - isFound : 0
2022-09-29 14:48:34,309 - tOITe-Log - DEBUG - isFound : 0
2022-09-29 14:48:34,343 - tOITe-Log - DEBUG - isFound : 0
2022-09-29 14:48:34,377 - tOITe-Log - DEBUG - isFound : 0
2022-09-29 14:48:34,411 - tOITe-Log - DEBUG - isFound : 0
2022-09-29 14:48:34,444 - tOITe-Log - DEBUG - isFound : 0
2022-09-29 14:48:34,477 - tOITe-Log - DEBUG - isFound : 0
2022-09-29 14:48:34,511 - tOITe-Log - DEBUG - isFound : True
2022-09-29 14:48:34,516 - tOITe-Log - DEBUG - State Change: POSE_CORRECT
2022-09-29 14:48:36,912 - tOITe-Log - DEBUG - Event : POSE_CORRECT
2022-09-29 14:48:36,927 - tOITe-Log - DEBUG - State Change: SELECT_GAME
2022-09-29 14:48:37,719 - tOITe-Log - DEBUG - Event : ëΩäÚëIë
