2022-10-05 14:37:41,475 - tOITe-Log - DEBUG - tutorial
2022-10-05 14:37:41,997 - tOITe-Log - DEBUG - Save Data:{'tutorial': 'T', 'speech': '0', 'pose': '0', 'select': '0', 'complete': '0'}
2022-10-05 14:37:42,009 - tOITe-Log - DEBUG - State Change: SELECT_GAME
2022-10-05 14:37:48,153 - tOITe-Log - DEBUG - Event : épê®êÑíË
2022-10-05 14:37:48,179 - tOITe-Log - DEBUG - State Change: POSE_Q
2022-10-05 14:37:50,185 - tOITe-Log - DEBUG - Event : POSE_Q
2022-10-05 14:37:50,197 - tOITe-Log - DEBUG - State Change: POSE_IMGPROC
2022-10-05 14:37:50,357 - tOITe-Log - DEBUG - isFound : 0
2022-10-05 14:37:50,385 - tOITe-Log - DEBUG - isFound : 0
2022-10-05 14:37:50,415 - tOITe-Log - DEBUG - isFound : 0
2022-10-05 14:37:50,446 - tOITe-Log - DEBUG - isFound : 0
2022-10-05 14:37:50,478 - tOITe-Log - DEBUG - isFound : 0
2022-10-05 14:37:50,505 - tOITe-Log - DEBUG - isFound : 0
2022-10-05 14:37:50,534 - tOITe-Log - DEBUG - isFound : 0
2022-10-05 14:37:50,565 - tOITe-Log - DEBUG - isFound : 0
2022-10-05 14:37:50,596 - tOITe-Log - DEBUG - isFound : 0
2022-10-05 14:37:50,628 - tOITe-Log - DEBUG - isFound : 0
2022-10-05 14:37:50,654 - tOITe-Log - DEBUG - isFound : 0
2022-10-05 14:37:50,686 - tOITe-Log - DEBUG - isFound : 0
2022-10-05 14:37:50,734 - tOITe-Log - DEBUG - isFound : 0
2022-10-05 14:37:50,766 - tOITe-Log - DEBUG - isFound : 0
2022-10-05 14:37:50,799 - tOITe-Log - DEBUG - isFound : 0
2022-10-05 14:37:50,831 - tOITe-Log - DEBUG - isFound : 0
2022-10-05 14:37:50,863 - tOITe-Log - DEBUG - isFound : 0
2022-10-05 14:37:50,895 - tOITe-Log - DEBUG - isFound : 0
2022-10-05 14:37:50,927 - tOITe-Log - DEBUG - isFound : 0
2022-10-05 14:37:50,957 - tOITe-Log - DEBUG - isFound : 0
2022-10-05 14:37:50,988 - tOITe-Log - DEBUG - isFound : 0
2022-10-05 14:37:51,021 - tOITe-Log - DEBUG - isFound : 0
2022-10-05 14:37:51,053 - tOITe-Log - DEBUG - isFound : 0
2022-10-05 14:37:51,085 - tOITe-Log - DEBUG - isFound : 0
2022-10-05 14:37:51,133 - tOITe-Log - DEBUG - isFound : 0
2022-10-05 14:37:51,166 - tOITe-Log - DEBUG - isFound : 0
2022-10-05 14:37:51,200 - tOITe-Log - DEBUG - isFound : 0
2022-10-05 14:37:51,231 - tOITe-Log - DEBUG - isFound : 0
2022-10-05 14:37:51,261 - tOITe-Log - DEBUG - isFound : 0
2022-10-05 14:37:51,295 - tOITe-Log - DEBUG - isFound : 0
2022-10-05 14:37:51,327 - tOITe-Log - DEBUG - isFound : 0
2022-10-05 14:37:51,355 - tOITe-Log - DEBUG - isFound : 0
2022-10-05 14:37:51,389 - tOITe-Log - DEBUG - isFound : 0
2022-10-05 14:37:51,421 - tOITe-Log - DEBUG - isFound : 0
2022-10-05 14:37:51,454 - tOITe-Log - DEBUG - isFound : 0
2022-10-05 14:37:51,501 - tOITe-Log - DEBUG - isFound : 0
2022-10-05 14:37:51,534 - tOITe-Log - DEBUG - isFound : 0
2022-10-05 14:37:51,566 - tOITe-Log - DEBUG - isFound : 0
2022-10-05 14:37:51,600 - tOITe-Log - DEBUG - isFound : 0
2022-10-05 14:37:51,631 - tOITe-Log - DEBUG - isFound : 0
2022-10-05 14:37:51,662 - tOITe-Log - DEBUG - isFound : 0
2022-10-05 14:37:51,694 - tOITe-Log - DEBUG - isFound : 0
2022-10-05 14:37:51,728 - tOITe-Log - DEBUG - isFound : 0
2022-10-05 14:37:51,797 - tOITe-Log - DEBUG - isFound : 0
2022-10-05 14:37:51,831 - tOITe-Log - DEBUG - isFound : 0
2022-10-05 14:37:51,864 - tOITe-Log - DEBUG - isFound : 0
2022-10-05 14:37:51,902 - tOITe-Log - DEBUG - isFound : 0
2022-10-05 14:37:51,933 - tOITe-Log - DEBUG - isFound : 0
2022-10-05 14:37:51,963 - tOITe-Log - DEBUG - isFound : 0
2022-10-05 14:37:51,998 - tOITe-Log - DEBUG - isFound : 0
2022-10-05 14:37:52,030 - tOITe-Log - DEBUG - isFound : 0
2022-10-05 14:37:52,062 - tOITe-Log - DEBUG - isFound : 0
2022-10-05 14:37:52,119 - tOITe-Log - DEBUG - isFound : 0
2022-10-05 14:37:52,171 - tOITe-Log - DEBUG - isFound : 0
2022-10-05 14:37:52,200 - tOITe-Log - DEBUG - isFound : 0
2022-10-05 14:37:52,253 - tOITe-Log - DEBUG - isFound : 0
2022-10-05 14:37:52,281 - tOITe-Log - DEBUG - isFound : 0
2022-10-05 14:37:52,309 - tOITe-Log - DEBUG - isFound : 0
2022-10-05 14:37:52,336 - tOITe-Log - DEBUG - isFound : 0
2022-10-05 14:37:52,389 - tOITe-Log - DEBUG - isFound : 0
2022-10-05 14:37:52,440 - tOITe-Log - DEBUG - isFound : 0
2022-10-05 14:37:52,467 - tOITe-Log - DEBUG - isFound : 0
2022-10-05 14:37:52,497 - tOITe-Log - DEBUG - isFound : 0
2022-10-05 14:37:52,524 - tOITe-Log - DEBUG - isFound : 0
2022-10-05 14:37:52,583 - tOITe-Log - DEBUG - isFound : 0
2022-10-05 14:37:52,638 - tOITe-Log - DEBUG - isFound : 0
2022-10-05 14:37:52,671 - tOITe-Log - DEBUG - isFound : 0
2022-10-05 14:37:52,706 - tOITe-Log - DEBUG - isFound : 0
2022-10-05 14:37:52,756 - tOITe-Log - DEBUG - isFound : 0
2022-10-05 14:37:52,784 - tOITe-Log - DEBUG - isFound : 0
2022-10-05 14:37:52,838 - tOITe-Log - DEBUG - isFound : 0
2022-10-05 14:37:52,865 - tOITe-Log - DEBUG - isFound : 0
2022-10-05 14:37:52,894 - tOITe-Log - DEBUG - isFound : 0
2022-10-05 14:37:52,926 - tOITe-Log - DEBUG - isFound : 0
2022-10-05 14:37:52,955 - tOITe-Log - DEBUG - isFound : 0
2022-10-05 14:37:52,989 - tOITe-Log - DEBUG - isFound : 0
2022-10-05 14:37:53,021 - tOITe-Log - DEBUG - isFound : 0
2022-10-05 14:37:53,093 - tOITe-Log - DEBUG - isFound : 0
2022-10-05 14:37:53,119 - tOITe-Log - DEBUG - isFound : 0
2022-10-05 14:37:53,148 - tOITe-Log - DEBUG - isFound : 0
2022-10-05 14:37:53,177 - tOITe-Log - DEBUG - isFound : 0
2022-10-05 14:37:53,204 - tOITe-Log - DEBUG - isFound : 0
2022-10-05 14:37:53,255 - tOITe-Log - DEBUG - isFound : 0
2022-10-05 14:37:53,305 - tOITe-Log - DEBUG - isFound : 0
2022-10-05 14:37:53,334 - tOITe-Log - DEBUG - isFound : 0
2022-10-05 14:37:53,386 - tOITe-Log - DEBUG - isFound : 0
2022-10-05 14:37:53,438 - tOITe-Log - DEBUG - isFound : 0
2022-10-05 14:37:53,466 - tOITe-Log - DEBUG - isFound : 0
2022-10-05 14:37:53,494 - tOITe-Log - DEBUG - isFound : 0
2022-10-05 14:37:53,546 - tOITe-Log - DEBUG - isFound : 0
2022-10-05 14:37:53,600 - tOITe-Log - DEBUG - isFound : 0
2022-10-05 14:37:53,654 - tOITe-Log - DEBUG - isFound : 0
2022-10-05 14:37:53,704 - tOITe-Log - DEBUG - isFound : 0
2022-10-05 14:37:53,758 - tOITe-Log - DEBUG - isFound : 0
2022-10-05 14:37:53,811 - tOITe-Log - DEBUG - isFound : 0
2022-10-05 14:37:53,862 - tOITe-Log - DEBUG - isFound : 0
2022-10-05 14:37:53,914 - tOITe-Log - DEBUG - isFound : 0
2022-10-05 14:37:53,968 - tOITe-Log - DEBUG - isFound : 0
2022-10-05 14:37:54,021 - tOITe-Log - DEBUG - isFound : 0
2022-10-05 14:37:54,071 - tOITe-Log - DEBUG - isFound : 0
2022-10-05 14:37:54,122 - tOITe-Log - DEBUG - isFound : 0
2022-10-05 14:37:54,173 - tOITe-Log - DEBUG - isFound : 0
2022-10-05 14:37:54,226 - tOITe-Log - DEBUG - isFound : 0
2022-10-05 14:37:54,277 - tOITe-Log - DEBUG - isFound : 0
2022-10-05 14:37:54,328 - tOITe-Log - DEBUG - isFound : 0
2022-10-05 14:37:54,356 - tOITe-Log - DEBUG - isFound : 0
2022-10-05 14:37:54,383 - tOITe-Log - DEBUG - isFound : 0
2022-10-05 14:37:54,412 - tOITe-Log - DEBUG - isFound : 0
2022-10-05 14:37:54,439 - tOITe-Log - DEBUG - isFound : 0
2022-10-05 14:37:54,492 - tOITe-Log - DEBUG - isFound : 0
2022-10-05 14:37:54,544 - tOITe-Log - DEBUG - isFound : 0
2022-10-05 14:37:54,597 - tOITe-Log - DEBUG - isFound : 0
2022-10-05 14:37:54,632 - tOITe-Log - DEBUG - isFound : 0
2022-10-05 14:37:54,666 - tOITe-Log - DEBUG - isFound : 0
2022-10-05 14:37:54,699 - tOITe-Log - DEBUG - isFound : 0
2022-10-05 14:37:54,735 - tOITe-Log - DEBUG - isFound : 0
2022-10-05 14:37:54,771 - tOITe-Log - DEBUG - isFound : 0
2022-10-05 14:37:54,805 - tOITe-Log - DEBUG - isFound : 0
2022-10-05 14:37:54,838 - tOITe-Log - DEBUG - isFound : 0
2022-10-05 14:37:54,889 - tOITe-Log - DEBUG - isFound : 0
2022-10-05 14:37:54,940 - tOITe-Log - DEBUG - isFound : 0
2022-10-05 14:37:54,967 - tOITe-Log - DEBUG - isFound : 0
2022-10-05 14:37:55,030 - tOITe-Log - DEBUG - isFound : 0
2022-10-05 14:37:55,063 - tOITe-Log - DEBUG - isFound : 0
2022-10-05 14:37:55,089 - tOITe-Log - DEBUG - isFound : 0
2022-10-05 14:37:55,117 - tOITe-Log - DEBUG - isFound : 0
2022-10-05 14:37:55,146 - tOITe-Log - DEBUG - isFound : 0
2022-10-05 14:37:55,172 - tOITe-Log - DEBUG - isFound : 0
2022-10-05 14:37:55,200 - tOITe-Log - DEBUG - isFound : 0
2022-10-05 14:37:55,231 - tOITe-Log - DEBUG - isFound : 0
2022-10-05 14:37:55,264 - tOITe-Log - DEBUG - isFound : 0
2022-10-05 14:37:55,294 - tOITe-Log - DEBUG - isFound : 0
2022-10-05 14:37:55,325 - tOITe-Log - DEBUG - isFound : 0
2022-10-05 14:37:55,354 - tOITe-Log - DEBUG - isFound : 0
2022-10-05 14:37:55,414 - tOITe-Log - DEBUG - isFound : 0
2022-10-05 14:37:55,444 - tOITe-Log - DEBUG - isFound : 0
2022-10-05 14:37:55,472 - tOITe-Log - DEBUG - isFound : 0
2022-10-05 14:37:55,502 - tOITe-Log - DEBUG - isFound : 0
2022-10-05 14:37:55,534 - tOITe-Log - DEBUG - isFound : 0
2022-10-05 14:37:55,566 - tOITe-Log - DEBUG - isFound : 0
2022-10-05 14:37:55,600 - tOITe-Log - DEBUG - isFound : 0
2022-10-05 14:37:55,631 - tOITe-Log - DEBUG - isFound : 0
2022-10-05 14:37:55,662 - tOITe-Log - DEBUG - isFound : 0
2022-10-05 14:37:55,694 - tOITe-Log - DEBUG - isFound : 0
2022-10-05 14:37:55,727 - tOITe-Log - DEBUG - isFound : 0
2022-10-05 14:37:55,763 - tOITe-Log - DEBUG - isFound : 0
2022-10-05 14:37:55,804 - tOITe-Log - DEBUG - isFound : 0
2022-10-05 14:37:55,837 - tOITe-Log - DEBUG - isFound : 0
2022-10-05 14:37:55,869 - tOITe-Log - DEBUG - isFound : 0
2022-10-05 14:37:55,901 - tOITe-Log - DEBUG - isFound : 0
2022-10-05 14:37:55,933 - tOITe-Log - DEBUG - isFound : 0
2022-10-05 14:37:55,965 - tOITe-Log - DEBUG - isFound : 0
2022-10-05 14:37:56,023 - tOITe-Log - DEBUG - isFound : 0
2022-10-05 14:37:56,056 - tOITe-Log - DEBUG - isFound : 0
2022-10-05 14:37:56,089 - tOITe-Log - DEBUG - isFound : 0
2022-10-05 14:37:56,121 - tOITe-Log - DEBUG - isFound : 0
2022-10-05 14:37:56,155 - tOITe-Log - DEBUG - isFound : 0
2022-10-05 14:37:56,189 - tOITe-Log - DEBUG - isFound : 0
2022-10-05 14:37:56,221 - tOITe-Log - DEBUG - isFound : 0
2022-10-05 14:37:56,256 - tOITe-Log - DEBUG - isFound : 0
2022-10-05 14:37:56,288 - tOITe-Log - DEBUG - isFound : 0
2022-10-05 14:37:56,322 - tOITe-Log - DEBUG - isFound : 0
2022-10-05 14:37:56,355 - tOITe-Log - DEBUG - isFound : 0
2022-10-05 14:37:56,389 - tOITe-Log - DEBUG - isFound : 0
2022-10-05 14:37:56,423 - tOITe-Log - DEBUG - isFound : 0
2022-10-05 14:37:56,456 - tOITe-Log - DEBUG - isFound : 0
2022-10-05 14:37:56,489 - tOITe-Log - DEBUG - isFound : 0
2022-10-05 14:37:56,521 - tOITe-Log - DEBUG - isFound : 0
2022-10-05 14:37:56,558 - tOITe-Log - DEBUG - isFound : 0
2022-10-05 14:37:56,594 - tOITe-Log - DEBUG - isFound : 0
2022-10-05 14:37:56,629 - tOITe-Log - DEBUG - isFound : 0
2022-10-05 14:37:56,664 - tOITe-Log - DEBUG - isFound : 0
2022-10-05 14:37:56,699 - tOITe-Log - DEBUG - isFound : 0
2022-10-05 14:37:56,734 - tOITe-Log - DEBUG - isFound : 0
2022-10-05 14:37:56,772 - tOITe-Log - DEBUG - isFound : 0
2022-10-05 14:37:56,806 - tOITe-Log - DEBUG - isFound : 0
2022-10-05 14:37:56,842 - tOITe-Log - DEBUG - isFound : 0
2022-10-05 14:37:56,878 - tOITe-Log - DEBUG - isFound : 0
2022-10-05 14:37:56,912 - tOITe-Log - DEBUG - isFound : 0
2022-10-05 14:37:56,948 - tOITe-Log - DEBUG - isFound : 0
2022-10-05 14:37:56,983 - tOITe-Log - DEBUG - isFound : 0
2022-10-05 14:37:57,017 - tOITe-Log - DEBUG - isFound : 0
2022-10-05 14:37:57,053 - tOITe-Log - DEBUG - isFound : 0
2022-10-05 14:37:57,088 - tOITe-Log - DEBUG - isFound : 0
2022-10-05 14:37:57,122 - tOITe-Log - DEBUG - isFound : 0
2022-10-05 14:37:57,156 - tOITe-Log - DEBUG - isFound : 0
2022-10-05 14:37:57,188 - tOITe-Log - DEBUG - isFound : 0
2022-10-05 14:37:57,222 - tOITe-Log - DEBUG - isFound : 0
2022-10-05 14:37:57,254 - tOITe-Log - DEBUG - isFound : 0
2022-10-05 14:37:57,289 - tOITe-Log - DEBUG - isFound : 0
2022-10-05 14:37:57,322 - tOITe-Log - DEBUG - isFound : 0
2022-10-05 14:37:57,355 - tOITe-Log - DEBUG - isFound : 0
2022-10-05 14:37:57,388 - tOITe-Log - DEBUG - isFound : 0
2022-10-05 14:37:57,422 - tOITe-Log - DEBUG - isFound : 0
2022-10-05 14:37:57,454 - tOITe-Log - DEBUG - isFound : 0
2022-10-05 14:37:57,489 - tOITe-Log - DEBUG - isFound : 0
2022-10-05 14:37:57,522 - tOITe-Log - DEBUG - isFound : 0
2022-10-05 14:37:57,555 - tOITe-Log - DEBUG - isFound : 0
2022-10-05 14:37:57,589 - tOITe-Log - DEBUG - isFound : 0
2022-10-05 14:37:57,623 - tOITe-Log - DEBUG - isFound : 0
2022-10-05 14:37:57,656 - tOITe-Log - DEBUG - isFound : 0
2022-10-05 14:37:57,689 - tOITe-Log - DEBUG - isFound : 0
2022-10-05 14:37:57,722 - tOITe-Log - DEBUG - isFound : 0
2022-10-05 14:37:57,756 - tOITe-Log - DEBUG - isFound : 0
2022-10-05 14:37:57,793 - tOITe-Log - DEBUG - isFound : 0
2022-10-05 14:37:57,825 - tOITe-Log - DEBUG - isFound : 0
2022-10-05 14:37:57,857 - tOITe-Log - DEBUG - isFound : 0
2022-10-05 14:37:57,889 - tOITe-Log - DEBUG - isFound : 0
2022-10-05 14:37:57,923 - tOITe-Log - DEBUG - isFound : 0
2022-10-05 14:37:57,955 - tOITe-Log - DEBUG - isFound : 0
2022-10-05 14:37:57,989 - tOITe-Log - DEBUG - isFound : 0
2022-10-05 14:37:58,021 - tOITe-Log - DEBUG - isFound : 0
2022-10-05 14:37:58,056 - tOITe-Log - DEBUG - isFound : 0
2022-10-05 14:37:58,089 - tOITe-Log - DEBUG - isFound : 0
2022-10-05 14:37:58,121 - tOITe-Log - DEBUG - isFound : 0
2022-10-05 14:37:58,156 - tOITe-Log - DEBUG - isFound : 0
2022-10-05 14:37:58,189 - tOITe-Log - DEBUG - isFound : 0
2022-10-05 14:37:58,223 - tOITe-Log - DEBUG - isFound : 0
2022-10-05 14:37:58,256 - tOITe-Log - DEBUG - isFound : 0
2022-10-05 14:37:58,288 - tOITe-Log - DEBUG - isFound : 0
2022-10-05 14:37:58,323 - tOITe-Log - DEBUG - isFound : 0
2022-10-05 14:37:58,359 - tOITe-Log - DEBUG - isFound : 0
2022-10-05 14:37:58,394 - tOITe-Log - DEBUG - isFound : 0
2022-10-05 14:37:58,427 - tOITe-Log - DEBUG - isFound : 0
2022-10-05 14:37:58,461 - tOITe-Log - DEBUG - isFound : 0
2022-10-05 14:37:58,494 - tOITe-Log - DEBUG - isFound : 0
2022-10-05 14:37:58,529 - tOITe-Log - DEBUG - isFound : 0
2022-10-05 14:37:58,563 - tOITe-Log - DEBUG - isFound : 0
2022-10-05 14:37:58,596 - tOITe-Log - DEBUG - isFound : 0
2022-10-05 14:37:58,631 - tOITe-Log - DEBUG - isFound : 0
2022-10-05 14:37:58,665 - tOITe-Log - DEBUG - isFound : 0
2022-10-05 14:37:58,700 - tOITe-Log - DEBUG - isFound : 0
2022-10-05 14:37:58,735 - tOITe-Log - DEBUG - isFound : 0
2022-10-05 14:37:58,772 - tOITe-Log - DEBUG - isFound : 0
2022-10-05 14:37:58,806 - tOITe-Log - DEBUG - isFound : 0
2022-10-05 14:37:58,838 - tOITe-Log - DEBUG - isFound : 0
2022-10-05 14:37:58,872 - tOITe-Log - DEBUG - isFound : 0
2022-10-05 14:37:58,916 - tOITe-Log - DEBUG - isFound : 0
2022-10-05 14:37:58,948 - tOITe-Log - DEBUG - isFound : 0
2022-10-05 14:37:58,983 - tOITe-Log - DEBUG - isFound : 0
2022-10-05 14:37:59,019 - tOITe-Log - DEBUG - isFound : 0
2022-10-05 14:37:59,054 - tOITe-Log - DEBUG - isFound : 0
2022-10-05 14:37:59,088 - tOITe-Log - DEBUG - isFound : 0
2022-10-05 14:37:59,121 - tOITe-Log - DEBUG - isFound : 0
2022-10-05 14:37:59,155 - tOITe-Log - DEBUG - isFound : 0
2022-10-05 14:37:59,188 - tOITe-Log - DEBUG - isFound : 0
2022-10-05 14:37:59,221 - tOITe-Log - DEBUG - isFound : 0
2022-10-05 14:37:59,255 - tOITe-Log - DEBUG - isFound : 0
2022-10-05 14:37:59,288 - tOITe-Log - DEBUG - isFound : 0
2022-10-05 14:37:59,322 - tOITe-Log - DEBUG - isFound : 0
2022-10-05 14:37:59,356 - tOITe-Log - DEBUG - isFound : 0
2022-10-05 14:37:59,389 - tOITe-Log - DEBUG - isFound : 0
2022-10-05 14:37:59,421 - tOITe-Log - DEBUG - isFound : 0
2022-10-05 14:37:59,455 - tOITe-Log - DEBUG - isFound : 0
2022-10-05 14:37:59,488 - tOITe-Log - DEBUG - isFound : 0
2022-10-05 14:37:59,522 - tOITe-Log - DEBUG - isFound : 0
2022-10-05 14:37:59,555 - tOITe-Log - DEBUG - isFound : 0
2022-10-05 14:37:59,590 - tOITe-Log - DEBUG - isFound : 0
2022-10-05 14:37:59,621 - tOITe-Log - DEBUG - isFound : 0
2022-10-05 14:37:59,656 - tOITe-Log - DEBUG - isFound : 0
2022-10-05 14:37:59,689 - tOITe-Log - DEBUG - isFound : 0
2022-10-05 14:37:59,723 - tOITe-Log - DEBUG - isFound : 0
2022-10-05 14:37:59,756 - tOITe-Log - DEBUG - isFound : 0
2022-10-05 14:37:59,787 - tOITe-Log - DEBUG - isFound : 0
2022-10-05 14:37:59,822 - tOITe-Log - DEBUG - isFound : 0
2022-10-05 14:37:59,854 - tOITe-Log - DEBUG - isFound : 0
2022-10-05 14:37:59,888 - tOITe-Log - DEBUG - isFound : 0
2022-10-05 14:37:59,923 - tOITe-Log - DEBUG - isFound : 0
2022-10-05 14:37:59,955 - tOITe-Log - DEBUG - isFound : 0
2022-10-05 14:37:59,990 - tOITe-Log - DEBUG - isFound : 0
2022-10-05 14:38:00,023 - tOITe-Log - DEBUG - isFound : 0
2022-10-05 14:38:00,065 - tOITe-Log - DEBUG - isFound : 0
2022-10-05 14:38:00,099 - tOITe-Log - DEBUG - isFound : 0
2022-10-05 14:38:00,137 - tOITe-Log - DEBUG - isFound : 0
2022-10-05 14:38:00,171 - tOITe-Log - DEBUG - isFound : 0
2022-10-05 14:38:00,205 - tOITe-Log - DEBUG - isFound : 0
2022-10-05 14:38:00,239 - tOITe-Log - DEBUG - isFound : 0
2022-10-05 14:38:00,273 - tOITe-Log - DEBUG - isFound : 0
2022-10-05 14:38:00,306 - tOITe-Log - DEBUG - isFound : 0
2022-10-05 14:38:00,339 - tOITe-Log - DEBUG - isFound : 0
2022-10-05 14:38:00,372 - tOITe-Log - DEBUG - isFound : 0
2022-10-05 14:38:00,404 - tOITe-Log - DEBUG - isFound : 0
2022-10-05 14:38:00,438 - tOITe-Log - DEBUG - isFound : 0
2022-10-05 14:38:00,486 - tOITe-Log - DEBUG - isFound : 0
2022-10-05 14:38:00,521 - tOITe-Log - DEBUG - isFound : 0
2022-10-05 14:38:00,555 - tOITe-Log - DEBUG - isFound : 0
2022-10-05 14:38:00,587 - tOITe-Log - DEBUG - isFound : 0
2022-10-05 14:38:00,622 - tOITe-Log - DEBUG - isFound : 0
2022-10-05 14:38:00,656 - tOITe-Log - DEBUG - isFound : 0
2022-10-05 14:38:00,689 - tOITe-Log - DEBUG - isFound : 0
2022-10-05 14:38:00,723 - tOITe-Log - DEBUG - isFound : 0
2022-10-05 14:38:00,756 - tOITe-Log - DEBUG - isFound : 0
2022-10-05 14:38:00,797 - tOITe-Log - DEBUG - isFound : 0
2022-10-05 14:38:00,831 - tOITe-Log - DEBUG - isFound : 0
2022-10-05 14:38:00,865 - tOITe-Log - DEBUG - isFound : 0
2022-10-05 14:38:00,901 - tOITe-Log - DEBUG - isFound : 0
2022-10-05 14:38:00,936 - tOITe-Log - DEBUG - isFound : 0
2022-10-05 14:38:00,971 - tOITe-Log - DEBUG - isFound : 0
2022-10-05 14:38:01,005 - tOITe-Log - DEBUG - isFound : 0
2022-10-05 14:38:01,038 - tOITe-Log - DEBUG - isFound : 0
2022-10-05 14:38:01,072 - tOITe-Log - DEBUG - isFound : 0
2022-10-05 14:38:01,106 - tOITe-Log - DEBUG - isFound : 0
2022-10-05 14:38:01,139 - tOITe-Log - DEBUG - isFound : 0
2022-10-05 14:38:01,171 - tOITe-Log - DEBUG - isFound : 0
2022-10-05 14:38:01,206 - tOITe-Log - DEBUG - isFound : 0
2022-10-05 14:38:01,253 - tOITe-Log - DEBUG - isFound : 0
2022-10-05 14:38:01,287 - tOITe-Log - DEBUG - isFound : 0
2022-10-05 14:38:01,322 - tOITe-Log - DEBUG - isFound : 0
2022-10-05 14:38:01,356 - tOITe-Log - DEBUG - isFound : 0
2022-10-05 14:38:01,389 - tOITe-Log - DEBUG - isFound : 0
2022-10-05 14:38:01,422 - tOITe-Log - DEBUG - isFound : 0
2022-10-05 14:38:01,456 - tOITe-Log - DEBUG - isFound : 0
2022-10-05 14:38:01,488 - tOITe-Log - DEBUG - isFound : 0
2022-10-05 14:38:01,523 - tOITe-Log - DEBUG - isFound : 0
2022-10-05 14:38:01,555 - tOITe-Log - DEBUG - isFound : 0
2022-10-05 14:38:01,588 - tOITe-Log - DEBUG - isFound : 0
2022-10-05 14:38:01,622 - tOITe-Log - DEBUG - isFound : 0
2022-10-05 14:38:01,656 - tOITe-Log - DEBUG - isFound : 0
2022-10-05 14:38:01,689 - tOITe-Log - DEBUG - isFound : 0
2022-10-05 14:38:01,727 - tOITe-Log - DEBUG - isFound : 0
2022-10-05 14:38:01,773 - tOITe-Log - DEBUG - isFound : 0
2022-10-05 14:38:01,807 - tOITe-Log - DEBUG - isFound : 0
2022-10-05 14:38:01,861 - tOITe-Log - DEBUG - isFound : 0
2022-10-05 14:38:01,913 - tOITe-Log - DEBUG - isFound : 0
2022-10-05 14:38:01,965 - tOITe-Log - DEBUG - isFound : 0
2022-10-05 14:38:02,018 - tOITe-Log - DEBUG - isFound : 0
2022-10-05 14:38:02,071 - tOITe-Log - DEBUG - isFound : 0
2022-10-05 14:38:02,121 - tOITe-Log - DEBUG - isFound : 0
2022-10-05 14:38:02,172 - tOITe-Log - DEBUG - isFound : 0
2022-10-05 14:38:02,222 - tOITe-Log - DEBUG - isFound : 0
2022-10-05 14:38:02,275 - tOITe-Log - DEBUG - isFound : 0
2022-10-05 14:38:02,327 - tOITe-Log - DEBUG - isFound : 0
2022-10-05 14:38:02,378 - tOITe-Log - DEBUG - isFound : 0
2022-10-05 14:38:02,431 - tOITe-Log - DEBUG - isFound : 0
2022-10-05 14:38:02,485 - tOITe-Log - DEBUG - isFound : 0
2022-10-05 14:38:02,520 - tOITe-Log - DEBUG - isFound : 0
2022-10-05 14:38:02,554 - tOITe-Log - DEBUG - isFound : 0
2022-10-05 14:38:02,588 - tOITe-Log - DEBUG - isFound : 0
2022-10-05 14:38:02,621 - tOITe-Log - DEBUG - isFound : 0
2022-10-05 14:38:02,655 - tOITe-Log - DEBUG - isFound : 0
2022-10-05 14:38:02,688 - tOITe-Log - DEBUG - isFound : 0
2022-10-05 14:38:02,722 - tOITe-Log - DEBUG - isFound : 0
2022-10-05 14:38:02,755 - tOITe-Log - DEBUG - isFound : 0
2022-10-05 14:38:02,792 - tOITe-Log - DEBUG - isFound : 0
2022-10-05 14:38:02,823 - tOITe-Log - DEBUG - isFound : 0
2022-10-05 14:38:02,855 - tOITe-Log - DEBUG - isFound : 0
2022-10-05 14:38:02,888 - tOITe-Log - DEBUG - isFound : 0
2022-10-05 14:38:02,921 - tOITe-Log - DEBUG - isFound : 0
2022-10-05 14:38:02,954 - tOITe-Log - DEBUG - isFound : 0
2022-10-05 14:38:02,987 - tOITe-Log - DEBUG - isFound : 0
2022-10-05 14:38:03,020 - tOITe-Log - DEBUG - isFound : 0
2022-10-05 14:38:03,054 - tOITe-Log - DEBUG - isFound : 0
2022-10-05 14:38:03,089 - tOITe-Log - DEBUG - isFound : 0
2022-10-05 14:38:03,122 - tOITe-Log - DEBUG - isFound : 0
2022-10-05 14:38:03,156 - tOITe-Log - DEBUG - isFound : 0
2022-10-05 14:38:03,189 - tOITe-Log - DEBUG - isFound : 0
2022-10-05 14:38:03,222 - tOITe-Log - DEBUG - isFound : 0
2022-10-05 14:38:03,256 - tOITe-Log - DEBUG - isFound : 0
2022-10-05 14:38:03,288 - tOITe-Log - DEBUG - isFound : 0
2022-10-05 14:38:03,321 - tOITe-Log - DEBUG - isFound : 0
2022-10-05 14:38:03,354 - tOITe-Log - DEBUG - isFound : 0
2022-10-05 14:38:03,389 - tOITe-Log - DEBUG - isFound : 0
2022-10-05 14:38:03,422 - tOITe-Log - DEBUG - isFound : 0
2022-10-05 14:38:03,455 - tOITe-Log - DEBUG - isFound : 0
2022-10-05 14:38:03,489 - tOITe-Log - DEBUG - isFound : 0
2022-10-05 14:38:03,521 - tOITe-Log - DEBUG - isFound : 0
2022-10-05 14:38:03,556 - tOITe-Log - DEBUG - isFound : 0
2022-10-05 14:38:03,588 - tOITe-Log - DEBUG - isFound : 0
2022-10-05 14:38:03,622 - tOITe-Log - DEBUG - isFound : 0
2022-10-05 14:38:03,656 - tOITe-Log - DEBUG - isFound : 0
2022-10-05 14:38:03,689 - tOITe-Log - DEBUG - isFound : 0
2022-10-05 14:38:03,722 - tOITe-Log - DEBUG - isFound : 0
2022-10-05 14:38:03,754 - tOITe-Log - DEBUG - isFound : 0
2022-10-05 14:38:03,789 - tOITe-Log - DEBUG - isFound : 0
2022-10-05 14:38:03,822 - tOITe-Log - DEBUG - isFound : 0
2022-10-05 14:38:03,855 - tOITe-Log - DEBUG - isFound : 0
2022-10-05 14:38:03,888 - tOITe-Log - DEBUG - isFound : 0
2022-10-05 14:38:03,921 - tOITe-Log - DEBUG - isFound : 0
2022-10-05 14:38:03,957 - tOITe-Log - DEBUG - isFound : 0
2022-10-05 14:38:03,995 - tOITe-Log - DEBUG - isFound : 0
2022-10-05 14:38:04,031 - tOITe-Log - DEBUG - isFound : 0
2022-10-05 14:38:04,084 - tOITe-Log - DEBUG - isFound : 0
2022-10-05 14:38:04,134 - tOITe-Log - DEBUG - isFound : 0
2022-10-05 14:38:04,183 - tOITe-Log - DEBUG - isFound : 0
2022-10-05 14:38:04,232 - tOITe-Log - DEBUG - isFound : 0
2022-10-05 14:38:04,283 - tOITe-Log - DEBUG - isFound : 0
2022-10-05 14:38:04,338 - tOITe-Log - DEBUG - isFound : 0
2022-10-05 14:38:04,392 - tOITe-Log - DEBUG - isFound : 0
2022-10-05 14:38:04,446 - tOITe-Log - DEBUG - isFound : 0
2022-10-05 14:38:04,497 - tOITe-Log - DEBUG - isFound : 0
2022-10-05 14:38:04,553 - tOITe-Log - DEBUG - isFound : 0
2022-10-05 14:38:04,604 - tOITe-Log - DEBUG - isFound : True
2022-10-05 14:38:04,618 - tOITe-Log - DEBUG - State Change: POSE_CORRECT
2022-10-05 14:38:08,401 - tOITe-Log - DEBUG - Event : POSE_CORRECT
2022-10-05 14:38:08,410 - tOITe-Log - DEBUG - State Change: SELECT_GAME
2022-10-05 14:38:14,514 - tOITe-Log - DEBUG - Event : ëΩäÚëIë
