2022-10-05 14:39:49,949 - tOITe-Log - DEBUG - tutorial
2022-10-05 14:39:50,469 - tOITe-Log - DEBUG - Save Data:{'tutorial': 'T', 'speech': '0', 'pose': '0', 'select': '0', 'complete': '0'}
2022-10-05 14:39:50,481 - tOITe-Log - DEBUG - State Change: SELECT_GAME
2022-10-05 14:39:52,177 - tOITe-Log - DEBUG - Event : ‘½Šò‘I‘ð
2022-10-05 14:39:52,188 - tOITe-Log - DEBUG - State Change: SELECT_Q1
2022-10-05 14:39:52,970 - tOITe-Log - DEBUG - Event : SELECT_Q1
2022-10-05 14:39:58,764 - tOITe-Log - DEBUG - Event : SELECT_Q1
2022-10-05 14:39:59,371 - tOITe-Log - DEBUG - Event : SELECT_Q1
2022-10-05 14:39:59,382 - tOITe-Log - DEBUG - State Change: SELECT_Q2
2022-10-05 14:40:00,162 - tOITe-Log - DEBUG - Event : SELECT_Q2
2022-10-05 14:40:00,164 - tOITe-Log - DEBUG - Option : [0, 0, 0, 0, 0, 0, 0, 0]
2022-10-05 14:40:01,364 - tOITe-Log - DEBUG - Event : SELECT_Q2
2022-10-05 14:40:01,534 - tOITe-Log - DEBUG - Option : [0, 1, 0, 0, 0, 0, 0, 0]
2022-10-05 14:40:02,635 - tOITe-Log - DEBUG - Event : SELECT_Q2
2022-10-05 14:40:02,789 - tOITe-Log - DEBUG - Option : [1, 1, 0, 0, 0, 0, 0, 0]
2022-10-05 14:40:02,801 - tOITe-Log - DEBUG - State Change: SELECT_GAME
2022-10-05 14:40:06,024 - tOITe-Log - DEBUG - Event : None
2022-10-05 14:40:06,036 - tOITe-Log - DEBUG - Event : None
2022-10-05 14:40:06,046 - tOITe-Log - DEBUG - Event : None
2022-10-05 14:40:06,053 - tOITe-Log - DEBUG - Event : None
2022-10-05 14:40:06,062 - tOITe-Log - DEBUG - Event : None
2022-10-05 14:40:06,070 - tOITe-Log - DEBUG - Event : None
2022-10-05 14:40:06,082 - tOITe-Log - DEBUG - Event : None
2022-10-05 14:40:06,090 - tOITe-Log - DEBUG - Event : None
2022-10-05 14:40:06,100 - tOITe-Log - DEBUG - Event : None
2022-10-05 14:40:06,108 - tOITe-Log - DEBUG - Event : None
2022-10-05 14:40:06,121 - tOITe-Log - DEBUG - Event : None
2022-10-05 14:40:06,130 - tOITe-Log - DEBUG - Event : None
2022-10-05 14:40:06,137 - tOITe-Log - DEBUG - Event : None
2022-10-05 14:40:06,147 - tOITe-Log - DEBUG - Event : None
2022-10-05 14:40:06,155 - tOITe-Log - DEBUG - Event : None
2022-10-05 14:40:06,166 - tOITe-Log - DEBUG - Event : None
2022-10-05 14:40:06,174 - tOITe-Log - DEBUG - Event : None
2022-10-05 14:40:06,182 - tOITe-Log - DEBUG - Event : None
2022-10-05 14:40:06,190 - tOITe-Log - DEBUG - Event : None
2022-10-05 14:40:06,201 - tOITe-Log - DEBUG - Event : None
2022-10-05 14:40:06,210 - tOITe-Log - DEBUG - Event : None
2022-10-05 14:40:06,218 - tOITe-Log - DEBUG - Event : None
2022-10-05 14:40:06,227 - tOITe-Log - DEBUG - Event : None
2022-10-05 14:40:06,235 - tOITe-Log - DEBUG - Event : None
2022-10-05 14:40:06,243 - tOITe-Log - DEBUG - Event : None
2022-10-05 14:40:06,252 - tOITe-Log - DEBUG - Event : None
2022-10-05 14:40:06,260 - tOITe-Log - DEBUG - Event : None
2022-10-05 14:40:06,268 - tOITe-Log - DEBUG - Event : None
2022-10-05 14:40:06,278 - tOITe-Log - DEBUG - Event : None
2022-10-05 14:40:06,287 - tOITe-Log - DEBUG - Event : None
2022-10-05 14:40:06,296 - tOITe-Log - DEBUG - Event : None
2022-10-05 14:40:06,304 - tOITe-Log - DEBUG - Event : None
2022-10-05 14:40:06,312 - tOITe-Log - DEBUG - Event : None
2022-10-05 14:40:06,320 - tOITe-Log - DEBUG - Event : None
2022-10-05 14:40:06,329 - tOITe-Log - DEBUG - Event : None
2022-10-05 14:40:06,338 - tOITe-Log - DEBUG - Event : None
2022-10-05 14:40:06,347 - tOITe-Log - DEBUG - Event : None
2022-10-05 14:40:06,355 - tOITe-Log - DEBUG - Event : None
2022-10-05 14:40:06,365 - tOITe-Log - DEBUG - Event : None
2022-10-05 14:40:06,372 - tOITe-Log - DEBUG - Event : None
2022-10-05 14:40:06,381 - tOITe-Log - DEBUG - Event : None
2022-10-05 14:40:06,390 - tOITe-Log - DEBUG - Event : None
2022-10-05 14:40:06,402 - tOITe-Log - DEBUG - Event : None
2022-10-05 14:40:06,413 - tOITe-Log - DEBUG - Event : None
2022-10-05 14:40:06,422 - tOITe-Log - DEBUG - Event : None
2022-10-05 14:40:06,432 - tOITe-Log - DEBUG - Event : None
2022-10-05 14:40:06,441 - tOITe-Log - DEBUG - Event : None
2022-10-05 14:40:06,451 - tOITe-Log - DEBUG - Event : None
2022-10-05 14:40:06,460 - tOITe-Log - DEBUG - Event : None
2022-10-05 14:40:06,468 - tOITe-Log - DEBUG - Event : None
2022-10-05 14:40:06,477 - tOITe-Log - DEBUG - Event : None
2022-10-05 14:40:06,487 - tOITe-Log - DEBUG - Event : None
2022-10-05 14:40:06,496 - tOITe-Log - DEBUG - Event : None
2022-10-05 14:40:06,505 - tOITe-Log - DEBUG - Event : None
2022-10-05 14:40:06,514 - tOITe-Log - DEBUG - Event : None
2022-10-05 14:40:06,521 - tOITe-Log - DEBUG - Event : None
2022-10-05 14:40:06,532 - tOITe-Log - DEBUG - Event : None
2022-10-05 14:40:06,540 - tOITe-Log - DEBUG - Event : None
2022-10-05 14:40:06,549 - tOITe-Log - DEBUG - Event : None
2022-10-05 14:40:06,559 - tOITe-Log - DEBUG - Event : None
2022-10-05 14:40:06,589 - tOITe-Log - DEBUG - Event : None
2022-10-05 14:40:06,601 - tOITe-Log - DEBUG - Event : None
2022-10-05 14:40:06,610 - tOITe-Log - DEBUG - Event : None
2022-10-05 14:40:06,618 - tOITe-Log - DEBUG - Event : None
2022-10-05 14:40:06,627 - tOITe-Log - DEBUG - Event : None
2022-10-05 14:40:06,638 - tOITe-Log - DEBUG - Event : None
2022-10-05 14:40:06,648 - tOITe-Log - DEBUG - Event : None
2022-10-05 14:40:06,656 - tOITe-Log - DEBUG - Event : None
2022-10-05 14:40:06,666 - tOITe-Log - DEBUG - Event : None
2022-10-05 14:40:06,674 - tOITe-Log - DEBUG - Event : None
2022-10-05 14:40:06,684 - tOITe-Log - DEBUG - Event : None
2022-10-05 14:40:06,692 - tOITe-Log - DEBUG - Event : None
2022-10-05 14:40:06,700 - tOITe-Log - DEBUG - Event : None
2022-10-05 14:40:06,711 - tOITe-Log - DEBUG - Event : None
2022-10-05 14:40:06,720 - tOITe-Log - DEBUG - Event : None
2022-10-05 14:40:06,730 - tOITe-Log - DEBUG - Event : None
2022-10-05 14:40:06,737 - tOITe-Log - DEBUG - Event : None
2022-10-05 14:40:06,747 - tOITe-Log - DEBUG - Event : None
2022-10-05 14:40:06,755 - tOITe-Log - DEBUG - Event : None
2022-10-05 14:40:06,764 - tOITe-Log - DEBUG - Event : None
2022-10-05 14:40:06,773 - tOITe-Log - DEBUG - Event : None
2022-10-05 14:40:06,783 - tOITe-Log - DEBUG - Event : None
2022-10-05 14:40:06,792 - tOITe-Log - DEBUG - Event : None
2022-10-05 14:40:06,802 - tOITe-Log - DEBUG - Event : None
2022-10-05 14:40:06,811 - tOITe-Log - DEBUG - Event : None
2022-10-05 14:40:06,819 - tOITe-Log - DEBUG - Event : None
2022-10-05 14:40:06,829 - tOITe-Log - DEBUG - Event : None
2022-10-05 14:40:06,838 - tOITe-Log - DEBUG - Event : None
2022-10-05 14:40:06,848 - tOITe-Log - DEBUG - Event : None
2022-10-05 14:40:06,856 - tOITe-Log - DEBUG - Event : None
2022-10-05 14:40:06,866 - tOITe-Log - DEBUG - Event : None
2022-10-05 14:40:06,874 - tOITe-Log - DEBUG - Event : None
2022-10-05 14:40:06,884 - tOITe-Log - DEBUG - Event : None
2022-10-05 14:40:06,893 - tOITe-Log - DEBUG - Event : None
2022-10-05 14:40:06,901 - tOITe-Log - DEBUG - Event : None
2022-10-05 14:40:06,912 - tOITe-Log - DEBUG - Event : None
2022-10-05 14:40:06,920 - tOITe-Log - DEBUG - Event : None
2022-10-05 14:40:06,930 - tOITe-Log - DEBUG - Event : None
2022-10-05 14:40:06,938 - tOITe-Log - DEBUG - Event : None
2022-10-05 14:40:06,949 - tOITe-Log - DEBUG - Event : None
2022-10-05 14:40:06,957 - tOITe-Log - DEBUG - Event : None
